<?xml version="1.0" encoding="UTF-8"?>
<!-- Generated by org.testng.reporters.JUnitReportReporter -->
<testsuite hostname="BIL-PC" name="com.epam.calculator.testCalculator.engineerOperations.TestSin" tests="1" failures="0" timestamp="31 May 2016 22:34:05 GMT" time="0.000" errors="0">
  <testcase name="testSinPassDouble" time="0.000" classname="com.epam.calculator.testCalculator.engineerOperations.TestSin"/>
</testsuite> <!-- com.epam.calculator.testCalculator.engineerOperations.TestSin -->
