<?xml version="1.0" encoding="UTF-8"?>
<!-- Generated by org.testng.reporters.JUnitReportReporter -->
<testsuite hostname="BIL-PC" name="com.epam.calculator.testCalculator.baseOperations.TestDiv" tests="114" failures="0" timestamp="31 May 2016 22:34:05 GMT" time="0.123" errors="0">
  <testcase name="testDivExceptionIsThrown" time="0.000" classname="com.epam.calculator.testCalculator.baseOperations.TestDiv"/>
  <testcase name="testDivPassLong" time="0.000" classname="com.epam.calculator.testCalculator.baseOperations.TestDiv"/>
  <testcase name="testDivPassLong" time="0.000" classname="com.epam.calculator.testCalculator.baseOperations.TestDiv"/>
  <testcase name="testDivFailLong" time="0.003" classname="com.epam.calculator.testCalculator.baseOperations.TestDiv"/>
  <testcase name="testDivFailLong" time="0.000" classname="com.epam.calculator.testCalculator.baseOperations.TestDiv"/>
  <testcase name="testDivExceptionIsThrown" time="0.000" classname="com.epam.calculator.testCalculator.baseOperations.TestDiv"/>
  <testcase name="testDivPassLong" time="0.001" classname="com.epam.calculator.testCalculator.baseOperations.TestDiv"/>
  <testcase name="testDivPassLong" time="0.006" classname="com.epam.calculator.testCalculator.baseOperations.TestDiv"/>
  <testcase name="testDivPassLong" time="0.000" classname="com.epam.calculator.testCalculator.baseOperations.TestDiv"/>
  <testcase name="testDivPassLong" time="0.005" classname="com.epam.calculator.testCalculator.baseOperations.TestDiv"/>
  <testcase name="testDivFailLong" time="0.000" classname="com.epam.calculator.testCalculator.baseOperations.TestDiv"/>
  <testcase name="testDivFailLong" time="0.001" classname="com.epam.calculator.testCalculator.baseOperations.TestDiv"/>
  <testcase name="testDivPassLong" time="0.006" classname="com.epam.calculator.testCalculator.baseOperations.TestDiv"/>
  <testcase name="testDivPassLong" time="0.001" classname="com.epam.calculator.testCalculator.baseOperations.TestDiv"/>
  <testcase name="testDivPassLong" time="0.001" classname="com.epam.calculator.testCalculator.baseOperations.TestDiv"/>
  <testcase name="testDivFailLong" time="0.000" classname="com.epam.calculator.testCalculator.baseOperations.TestDiv"/>
  <testcase name="testDivFailLong" time="0.001" classname="com.epam.calculator.testCalculator.baseOperations.TestDiv"/>
  <testcase name="testDivFailLong" time="0.001" classname="com.epam.calculator.testCalculator.baseOperations.TestDiv"/>
  <testcase name="testDivFailLong" time="0.002" classname="com.epam.calculator.testCalculator.baseOperations.TestDiv"/>
  <testcase name="testDivPassLong" time="0.000" classname="com.epam.calculator.testCalculator.baseOperations.TestDiv"/>
  <testcase name="testDivPassLong" time="0.000" classname="com.epam.calculator.testCalculator.baseOperations.TestDiv"/>
  <testcase name="testDivPassLong" time="0.001" classname="com.epam.calculator.testCalculator.baseOperations.TestDiv"/>
  <testcase name="testDivPassLong" time="0.004" classname="com.epam.calculator.testCalculator.baseOperations.TestDiv"/>
  <testcase name="testDivPassLong" time="0.000" classname="com.epam.calculator.testCalculator.baseOperations.TestDiv"/>
  <testcase name="testDivPassLong" time="0.000" classname="com.epam.calculator.testCalculator.baseOperations.TestDiv"/>
  <testcase name="testDivPassLong" time="0.002" classname="com.epam.calculator.testCalculator.baseOperations.TestDiv"/>
  <testcase name="testDivFailLong" time="0.000" classname="com.epam.calculator.testCalculator.baseOperations.TestDiv"/>
  <testcase name="testDivPassLong" time="0.000" classname="com.epam.calculator.testCalculator.baseOperations.TestDiv"/>
  <testcase name="testDivPassLong" time="0.001" classname="com.epam.calculator.testCalculator.baseOperations.TestDiv"/>
  <testcase name="testDivPassLong" time="0.000" classname="com.epam.calculator.testCalculator.baseOperations.TestDiv"/>
  <testcase name="testDivPassLong" time="0.000" classname="com.epam.calculator.testCalculator.baseOperations.TestDiv"/>
  <testcase name="testDivPassLong" time="0.005" classname="com.epam.calculator.testCalculator.baseOperations.TestDiv"/>
  <testcase name="testDivPassLong" time="0.000" classname="com.epam.calculator.testCalculator.baseOperations.TestDiv"/>
  <testcase name="testDivFailLong" time="0.001" classname="com.epam.calculator.testCalculator.baseOperations.TestDiv"/>
  <testcase name="testDivPassLong" time="0.000" classname="com.epam.calculator.testCalculator.baseOperations.TestDiv"/>
  <testcase name="testDivFailLong" time="0.001" classname="com.epam.calculator.testCalculator.baseOperations.TestDiv"/>
  <testcase name="testDivFailLong" time="0.001" classname="com.epam.calculator.testCalculator.baseOperations.TestDiv"/>
  <testcase name="testDivFailLong" time="0.000" classname="com.epam.calculator.testCalculator.baseOperations.TestDiv"/>
  <testcase name="testDivFailLong" time="0.000" classname="com.epam.calculator.testCalculator.baseOperations.TestDiv"/>
  <testcase name="testDivPassLong" time="0.005" classname="com.epam.calculator.testCalculator.baseOperations.TestDiv"/>
  <testcase name="testDivPassLong" time="0.004" classname="com.epam.calculator.testCalculator.baseOperations.TestDiv"/>
  <testcase name="testDivPassLong" time="0.000" classname="com.epam.calculator.testCalculator.baseOperations.TestDiv"/>
  <testcase name="testDivFailLong" time="0.000" classname="com.epam.calculator.testCalculator.baseOperations.TestDiv"/>
  <testcase name="testDivPassLong" time="0.001" classname="com.epam.calculator.testCalculator.baseOperations.TestDiv"/>
  <testcase name="testDivPassLong" time="0.000" classname="com.epam.calculator.testCalculator.baseOperations.TestDiv"/>
  <testcase name="testDivPassLong" time="0.000" classname="com.epam.calculator.testCalculator.baseOperations.TestDiv"/>
  <testcase name="testDivPassLong" time="0.000" classname="com.epam.calculator.testCalculator.baseOperations.TestDiv"/>
  <testcase name="testDivPassLong" time="0.000" classname="com.epam.calculator.testCalculator.baseOperations.TestDiv"/>
  <testcase name="testDivFailLong" time="0.001" classname="com.epam.calculator.testCalculator.baseOperations.TestDiv"/>
  <testcase name="testDivPassLong" time="0.001" classname="com.epam.calculator.testCalculator.baseOperations.TestDiv"/>
  <testcase name="testDivExceptionIsThrown" time="0.000" classname="com.epam.calculator.testCalculator.baseOperations.TestDiv"/>
  <testcase name="testDivFailLong" time="0.001" classname="com.epam.calculator.testCalculator.baseOperations.TestDiv"/>
  <testcase name="testDivPassLong" time="0.002" classname="com.epam.calculator.testCalculator.baseOperations.TestDiv"/>
  <testcase name="testDivFailLong" time="0.005" classname="com.epam.calculator.testCalculator.baseOperations.TestDiv"/>
  <testcase name="testDivFailLong" time="0.006" classname="com.epam.calculator.testCalculator.baseOperations.TestDiv"/>
  <testcase name="testDivPassLong" time="0.000" classname="com.epam.calculator.testCalculator.baseOperations.TestDiv"/>
  <testcase name="testDivExceptionIsThrown" time="0.000" classname="com.epam.calculator.testCalculator.baseOperations.TestDiv"/>
  <testcase name="testDivPassLong" time="0.000" classname="com.epam.calculator.testCalculator.baseOperations.TestDiv"/>
  <testcase name="testDivPassLong" time="0.001" classname="com.epam.calculator.testCalculator.baseOperations.TestDiv"/>
  <testcase name="testDivPassLong" time="0.000" classname="com.epam.calculator.testCalculator.baseOperations.TestDiv"/>
  <testcase name="testDivPassLong" time="0.000" classname="com.epam.calculator.testCalculator.baseOperations.TestDiv"/>
  <testcase name="testDivPassLong" time="0.000" classname="com.epam.calculator.testCalculator.baseOperations.TestDiv"/>
  <testcase name="testDivPassLong" time="0.001" classname="com.epam.calculator.testCalculator.baseOperations.TestDiv"/>
  <testcase name="testDivPassLong" time="0.000" classname="com.epam.calculator.testCalculator.baseOperations.TestDiv"/>
  <testcase name="testDivPassLong" time="0.001" classname="com.epam.calculator.testCalculator.baseOperations.TestDiv"/>
  <testcase name="testDivPassLong" time="0.000" classname="com.epam.calculator.testCalculator.baseOperations.TestDiv"/>
  <testcase name="testDivExceptionIsThrown" time="0.000" classname="com.epam.calculator.testCalculator.baseOperations.TestDiv"/>
  <testcase name="testDivPassLong" time="0.002" classname="com.epam.calculator.testCalculator.baseOperations.TestDiv"/>
  <testcase name="testDivPassLong" time="0.001" classname="com.epam.calculator.testCalculator.baseOperations.TestDiv"/>
  <testcase name="testDivPassLong" time="0.000" classname="com.epam.calculator.testCalculator.baseOperations.TestDiv"/>
  <testcase name="testDivFailLong" time="0.000" classname="com.epam.calculator.testCalculator.baseOperations.TestDiv"/>
  <testcase name="testDivPassLong" time="0.001" classname="com.epam.calculator.testCalculator.baseOperations.TestDiv"/>
  <testcase name="testDivFailLong" time="0.000" classname="com.epam.calculator.testCalculator.baseOperations.TestDiv"/>
  <testcase name="testDivPassLong" time="0.008" classname="com.epam.calculator.testCalculator.baseOperations.TestDiv"/>
  <testcase name="testDivPassLong" time="0.001" classname="com.epam.calculator.testCalculator.baseOperations.TestDiv"/>
  <testcase name="testDivExceptionIsThrown" time="0.000" classname="com.epam.calculator.testCalculator.baseOperations.TestDiv"/>
  <testcase name="testDivPassLong" time="0.000" classname="com.epam.calculator.testCalculator.baseOperations.TestDiv"/>
  <testcase name="testDivPassLong" time="0.000" classname="com.epam.calculator.testCalculator.baseOperations.TestDiv"/>
  <testcase name="testDivFailLong" time="0.000" classname="com.epam.calculator.testCalculator.baseOperations.TestDiv"/>
  <testcase name="testDivExceptionIsThrown" time="0.000" classname="com.epam.calculator.testCalculator.baseOperations.TestDiv"/>
  <testcase name="testDivPassLong" time="0.000" classname="com.epam.calculator.testCalculator.baseOperations.TestDiv"/>
  <testcase name="testDivPassLong" time="0.000" classname="com.epam.calculator.testCalculator.baseOperations.TestDiv"/>
  <testcase name="testDivFailLong" time="0.000" classname="com.epam.calculator.testCalculator.baseOperations.TestDiv"/>
  <testcase name="testDivPassLong" time="0.000" classname="com.epam.calculator.testCalculator.baseOperations.TestDiv"/>
  <testcase name="testDivPassLong" time="0.000" classname="com.epam.calculator.testCalculator.baseOperations.TestDiv"/>
  <testcase name="testDivPassLong" time="0.000" classname="com.epam.calculator.testCalculator.baseOperations.TestDiv"/>
  <testcase name="testDivPassLong" time="0.000" classname="com.epam.calculator.testCalculator.baseOperations.TestDiv"/>
  <testcase name="testDivFailLong" time="0.003" classname="com.epam.calculator.testCalculator.baseOperations.TestDiv"/>
  <testcase name="testDivPassLong" time="0.000" classname="com.epam.calculator.testCalculator.baseOperations.TestDiv"/>
  <testcase name="testDivExceptionIsThrown" time="0.006" classname="com.epam.calculator.testCalculator.baseOperations.TestDiv"/>
  <testcase name="testDivPassLong" time="0.001" classname="com.epam.calculator.testCalculator.baseOperations.TestDiv"/>
  <testcase name="testDivFailLong" time="0.001" classname="com.epam.calculator.testCalculator.baseOperations.TestDiv"/>
  <testcase name="testDivPassLong" time="0.012" classname="com.epam.calculator.testCalculator.baseOperations.TestDiv"/>
  <testcase name="testDivFailLong" time="0.000" classname="com.epam.calculator.testCalculator.baseOperations.TestDiv"/>
  <testcase name="testDivExceptionIsThrown" time="0.000" classname="com.epam.calculator.testCalculator.baseOperations.TestDiv"/>
  <testcase name="testDivPassLong" time="0.002" classname="com.epam.calculator.testCalculator.baseOperations.TestDiv"/>
  <testcase name="testDivPassLong" time="0.000" classname="com.epam.calculator.testCalculator.baseOperations.TestDiv"/>
  <testcase name="testDivFailLong" time="0.000" classname="com.epam.calculator.testCalculator.baseOperations.TestDiv"/>
  <testcase name="testDivPassLong" time="0.000" classname="com.epam.calculator.testCalculator.baseOperations.TestDiv"/>
  <testcase name="testDivFailLong" time="0.001" classname="com.epam.calculator.testCalculator.baseOperations.TestDiv"/>
  <testcase name="testDivPassLong" time="0.001" classname="com.epam.calculator.testCalculator.baseOperations.TestDiv"/>
  <testcase name="testDivPassLong" time="0.005" classname="com.epam.calculator.testCalculator.baseOperations.TestDiv"/>
  <testcase name="testDivPassLong" time="0.000" classname="com.epam.calculator.testCalculator.baseOperations.TestDiv"/>
  <testcase name="testDivFailLong" time="0.000" classname="com.epam.calculator.testCalculator.baseOperations.TestDiv"/>
  <testcase name="testDivPassLong" time="0.001" classname="com.epam.calculator.testCalculator.baseOperations.TestDiv"/>
  <testcase name="testDivExceptionIsThrown" time="0.001" classname="com.epam.calculator.testCalculator.baseOperations.TestDiv"/>
  <testcase name="testDivPassLong" time="0.000" classname="com.epam.calculator.testCalculator.baseOperations.TestDiv"/>
  <testcase name="testDivExceptionIsThrown" time="0.000" classname="com.epam.calculator.testCalculator.baseOperations.TestDiv"/>
  <testcase name="testDivPassLong" time="0.000" classname="com.epam.calculator.testCalculator.baseOperations.TestDiv"/>
  <testcase name="testDivPassLong" time="0.000" classname="com.epam.calculator.testCalculator.baseOperations.TestDiv"/>
  <testcase name="testDivFailLong" time="0.001" classname="com.epam.calculator.testCalculator.baseOperations.TestDiv"/>
  <testcase name="testDivPassLong" time="0.000" classname="com.epam.calculator.testCalculator.baseOperations.TestDiv"/>
  <testcase name="testDivPassLong" time="0.001" classname="com.epam.calculator.testCalculator.baseOperations.TestDiv"/>
  <testcase name="testDivExceptionIsThrown" time="0.001" classname="com.epam.calculator.testCalculator.baseOperations.TestDiv"/>
</testsuite> <!-- com.epam.calculator.testCalculator.baseOperations.TestDiv -->
