<?xml version="1.0" encoding="UTF-8"?>
<!-- Generated by org.testng.reporters.JUnitReportReporter -->
<testsuite hostname="BIL-PC" name="com.epam.calculator.testCalculator.sign.TestIsNegative" tests="24" failures="0" timestamp="31 May 2016 22:34:05 GMT" time="0.015" errors="0">
  <testcase name="testIsNegativeFailLong" time="0.000" classname="com.epam.calculator.testCalculator.sign.TestIsNegative"/>
  <testcase name="testIsNegativePassLong" time="0.003" classname="com.epam.calculator.testCalculator.sign.TestIsNegative"/>
  <testcase name="testIsNegativeFailLong" time="0.000" classname="com.epam.calculator.testCalculator.sign.TestIsNegative"/>
  <testcase name="testIsNegativePassLong" time="0.000" classname="com.epam.calculator.testCalculator.sign.TestIsNegative"/>
  <testcase name="testIsNegativePassLong" time="0.000" classname="com.epam.calculator.testCalculator.sign.TestIsNegative"/>
  <testcase name="testIsNegativePassLong" time="0.000" classname="com.epam.calculator.testCalculator.sign.TestIsNegative"/>
  <testcase name="testIsNegativeFailLong" time="0.000" classname="com.epam.calculator.testCalculator.sign.TestIsNegative"/>
  <testcase name="testIsNegativeFailLong" time="0.000" classname="com.epam.calculator.testCalculator.sign.TestIsNegative"/>
  <testcase name="testIsNegativePassLong" time="0.000" classname="com.epam.calculator.testCalculator.sign.TestIsNegative"/>
  <testcase name="testIsNegativeFailLong" time="0.000" classname="com.epam.calculator.testCalculator.sign.TestIsNegative"/>
  <testcase name="testIsNegativeFailLong" time="0.000" classname="com.epam.calculator.testCalculator.sign.TestIsNegative"/>
  <testcase name="testIsNegativePassLong" time="0.000" classname="com.epam.calculator.testCalculator.sign.TestIsNegative"/>
  <testcase name="testIsNegativeFailLong" time="0.000" classname="com.epam.calculator.testCalculator.sign.TestIsNegative"/>
  <testcase name="testIsNegativeFailLong" time="0.001" classname="com.epam.calculator.testCalculator.sign.TestIsNegative"/>
  <testcase name="testIsNegativePassLong" time="0.001" classname="com.epam.calculator.testCalculator.sign.TestIsNegative"/>
  <testcase name="testIsNegativeFailLong" time="0.000" classname="com.epam.calculator.testCalculator.sign.TestIsNegative"/>
  <testcase name="testIsNegativeFailLong" time="0.000" classname="com.epam.calculator.testCalculator.sign.TestIsNegative"/>
  <testcase name="testIsNegativeFailLong" time="0.000" classname="com.epam.calculator.testCalculator.sign.TestIsNegative"/>
  <testcase name="testIsNegativePassLong" time="0.004" classname="com.epam.calculator.testCalculator.sign.TestIsNegative"/>
  <testcase name="testIsNegativeFailLong" time="0.001" classname="com.epam.calculator.testCalculator.sign.TestIsNegative"/>
  <testcase name="testIsNegativeFailLong" time="0.001" classname="com.epam.calculator.testCalculator.sign.TestIsNegative"/>
  <testcase name="testIsNegativePassLong" time="0.002" classname="com.epam.calculator.testCalculator.sign.TestIsNegative"/>
  <testcase name="testIsNegativeFailLong" time="0.000" classname="com.epam.calculator.testCalculator.sign.TestIsNegative"/>
  <testcase name="testIsNegativeFailLong" time="0.002" classname="com.epam.calculator.testCalculator.sign.TestIsNegative"/>
</testsuite> <!-- com.epam.calculator.testCalculator.sign.TestIsNegative -->
