<?xml version="1.0" encoding="UTF-8"?>
<!-- Generated by org.testng.reporters.JUnitReportReporter -->
<testsuite hostname="BIL-PC" name="TestClass" tests="3" failures="0" timestamp="18 May 2016 19:51:24 GMT" time="0.011" errors="0">
  <testcase name="testCollectionWithTheSameValues" time="0.011" classname="TestClass"/>
  <testcase name="testEmptyCollection" time="0.000" classname="TestClass"/>
  <testcase name="testNullCollection" time="0.000" classname="TestClass"/>
</testsuite> <!-- TestClass -->
